<?xml version="1.0" encoding="UTF-8"?>
<!-- Generated by org.testng.reporters.JUnitXMLReporter -->
<testsuite hostname="DESKTOP-BRM7KHL" ignored="2" name="Test" tests="1" failures="0" timestamp="2021-11-23T11:27:39 IST" time="17.081" errors="0">
  <testcase name="validateLoginTestUsingParameter" time="5.164" classname="com.testcases.LoginPageTest"/>
  <testcase name="validateTitleTest" time="0.0" classname="com.testcases.LoginPageTest">
    <ignored/>
  </testcase> <!-- validateTitleTest -->
  <testcase name="validateLoginTest" time="0.0" classname="com.testcases.LoginPageTest">
    <ignored/>
  </testcase> <!-- validateLoginTest -->
</testsuite> <!-- Test -->
